<?xml version="1.0" encoding="UTF-8"?>
<testsuite name="AdditionTest" tests="1" skipped="0" failures="0" errors="0" timestamp="2015-05-09T17:39:45" hostname="gopinath" time="0.002">
  <properties/>
  <testcase name="testAdd" classname="AdditionTest" time="0.002"/>
  <system-out><![CDATA[]]></system-out>
  <system-err><![CDATA[]]></system-err>
</testsuite>
